<?xml version="1.0" encoding="UTF-8"?>
<!-- Generated by org.testng.reporters.JUnitReportReporter -->
<testsuite hostname="Keshavaraj" failures="0" tests="1" name="drivermethods.TapAction" time="21.267" errors="0" timestamp="2022-11-22T21:28:44 IST" skipped="0">
  <testcase classname="drivermethods.TapAction" name="tapaction" time="21.267"/>
  <system-out/>
</testsuite> <!-- drivermethods.TapAction -->
