<?xml version="1.0" encoding="UTF-8"?>
<!-- Generated by org.testng.reporters.JUnitReportReporter -->
<testsuite hostname="Keshavaraj" failures="0" tests="1" name="drivermethods.BigBasket" time="43.836" errors="0" timestamp="2022-11-29T22:26:57 IST" skipped="0">
  <testcase classname="drivermethods.BigBasket" name="bigbasket" time="43.836"/>
  <system-out/>
</testsuite> <!-- drivermethods.BigBasket -->
