<?xml version="1.0" encoding="UTF-8"?>
<!-- Generated by org.testng.reporters.JUnitReportReporter -->
<testsuite hostname="Keshavaraj" failures="0" tests="1" name="drivermethods.Toast" time="17.473" errors="0" timestamp="2022-11-23T13:30:27 IST" skipped="0">
  <testcase classname="drivermethods.Toast" name="toast" time="17.473"/>
  <system-out/>
</testsuite> <!-- drivermethods.Toast -->
