<?xml version="1.0" encoding="UTF-8"?>
<!-- Generated by org.testng.reporters.JUnitReportReporter -->
<testsuite hostname="Keshavaraj" failures="0" tests="1" name="taskbased.GetProductAmazon" time="49.017" errors="0" timestamp="2023-01-23T23:03:58 IST" skipped="0">
  <testcase classname="taskbased.GetProductAmazon" name="getproduct" time="49.017"/>
  <system-out/>
</testsuite> <!-- taskbased.GetProductAmazon -->
