<?xml version="1.0" encoding="UTF-8"?>
<!-- Generated by org.testng.reporters.JUnitReportReporter -->
<testsuite hostname="Keshavaraj" failures="0" tests="1" name="drivermethods.RunBackgroundApp" time="25.231" errors="0" timestamp="2023-01-10T12:02:26 IST" skipped="0">
  <testcase classname="drivermethods.RunBackgroundApp" name="runbackApp" time="25.231"/>
  <system-out/>
</testsuite> <!-- drivermethods.RunBackgroundApp -->
