<?xml version="1.0" encoding="UTF-8"?>
<!-- Generated by org.testng.reporters.JUnitReportReporter -->
<testsuite hostname="Keshavaraj" failures="0" tests="1" name="drivermethods.LaunchApp" time="22.326" errors="0" timestamp="2023-01-02T21:37:32 IST" skipped="0">
  <testcase classname="drivermethods.LaunchApp" name="launchapp" time="22.326"/>
  <system-out/>
</testsuite> <!-- drivermethods.LaunchApp -->
