<?xml version="1.0" encoding="UTF-8"?>
<!-- Generated by org.testng.reporters.JUnitReportReporter -->
<testsuite hostname="Keshavaraj" failures="0" tests="1" name="drivermethods.UninstallApp" time="10.057" errors="0" timestamp="2022-11-22T15:19:44 IST" skipped="0">
  <testcase classname="drivermethods.UninstallApp" name="uninstallapp" time="10.057"/>
  <system-out/>
</testsuite> <!-- drivermethods.UninstallApp -->
