<?xml version="1.0" encoding="UTF-8"?>
<!-- Generated by org.testng.reporters.JUnitReportReporter -->
<testsuite hostname="Keshavaraj" failures="0" tests="1" name="drivermethods.HideKeyboard" time="46.459" errors="0" timestamp="2022-11-23T14:34:10 IST" skipped="0">
  <testcase classname="drivermethods.HideKeyboard" name="hidekeyboard" time="46.459"/>
  <system-out/>
</testsuite> <!-- drivermethods.HideKeyboard -->
