<?xml version="1.0" encoding="UTF-8"?>
<!-- Generated by org.testng.reporters.JUnitReportReporter -->
<testsuite hostname="Keshavaraj" failures="0" tests="1" name="drivermethods.ZoomAndPinch" time="18.547" errors="0" timestamp="2022-11-23T15:31:37 IST" skipped="0">
  <testcase classname="drivermethods.ZoomAndPinch" name="zoomAndpicch" time="18.547"/>
  <system-out/>
</testsuite> <!-- drivermethods.ZoomAndPinch -->
