<?xml version="1.0" encoding="UTF-8"?>
<!-- Generated by org.testng.reporters.JUnitReportReporter -->
<testsuite hostname="Keshavaraj" failures="0" tests="2" name="drivermethods.BrowserStackParallel" time="66.121" errors="0" timestamp="2022-12-02T11:39:21 IST" skipped="0">
  <testcase classname="drivermethods.BrowserStackParallel" name="browserstackparallel" time="28.422"/>
  <system-out/>
  <testcase classname="drivermethods.BrowserStackParallel" name="browserstackparallel" time="37.699"/>
  <system-out/>
</testsuite> <!-- drivermethods.BrowserStackParallel -->
