<?xml version="1.0" encoding="UTF-8"?>
<!-- Generated by org.testng.reporters.JUnitReportReporter -->
<testsuite hostname="Keshavaraj" failures="0" tests="1" name="drivermethods.Connections" time="12.120" errors="1" timestamp="2022-11-23T22:55:37 IST" skipped="0">
  <testcase classname="drivermethods.Connections" name="connection" time="12.120">
    <error message="An unknown server-side error occurred while processing the command. Original error: Error executing adbExec. Original error: &#039;Command &#039;C:\\Users\\HP\\AppData\\Local\\Android\\Sdk\\platform-tools\\adb.exe -P 5037 -s 220b6806 shell am broadcast -a android.intent.action.AIRPLANE_MODE --ez state true&#039; exited with code 255&#039;; Command output: Security exception: Permission Denial: not allowed to send broadcast android.intent.action.AIRPLANE_MODE from pid=31452, uid=2000

java.lang.SecurityException: Permission Denial: not allowed to send broadcast android.intent.action.AIRPLANE_MODE from pid=31452, uid=2000
	at com.android.server.am.ActivityManagerService.broadcastIntentLocked(ActivityManagerService.java:22157)
	at com.android.server.am.ActivityManagerService.broadcastIntent(ActivityManagerService.java:22883)
	at com.android.server.am.ActivityManagerShellCommand.runSendBroadcast(ActivityManagerShellCommand.java:639)
	at com.android.server.am.ActivityManagerShellCommand.onCommand(ActivityManagerShellCommand.java:157)
	at android.os.ShellCommand.exec(ShellCommand.java:96)
	at com.android.server.am.ActivityManagerService.onShellCommand(ActivityManagerService.java:17645)
	at android.os.Binder.shellCommand(Binder.java:595)
	at android.os.Binder.onTransact(Binder.java:493)
	at android.app.IActivityManager$Stub.onTransact(IActivityManager.java:4439)
	at com.android.server.am.ActivityManagerService.onTransact(ActivityManagerService.java:3482)
	at android.os.Binder.execTransact(Binder.java:708)
 (WARNING: The server did not provide any stacktrace information)
Command duration or timeout: 502 milliseconds
Build info: version: &#039;2.53.1&#039;, revision: &#039;a36b8b1cd5757287168e54b817830adce9b0158d&#039;, time: &#039;2016-06-30 19:26:09&#039;
System info: host: &#039;Keshavaraj&#039;, ip: &#039;192.168.111.1&#039;, os.name: &#039;Windows 10&#039;, os.arch: &#039;amd64&#039;, os.version: &#039;10.0&#039;, java.version: &#039;16.0.1&#039;
Driver info: io.appium.java_client.android.AndroidDriver
Capabilities [{deviceScreenSize=720x1440, networkConnectionEnabled=true, statBarHeight=48, warnings={}, viewportRect={top=48, left=0, width=720, height=1308}, databaseEnabled=false, deviceName=220b6806, platform=LINUX, deviceUDID=220b6806, desired={platformVersion=8.1.0, automationName=appium, udid=220b6806, platformName=Android, deviceName=vivo 1724}, platformVersion=8.1.0, pixelRatio=2, webStorageEnabled=false, locationContextEnabled=false, automationName=appium, takesScreenshot=true, javascriptEnabled=true, deviceScreenDensity=320, deviceModel=vivo 1724, udid=220b6806, platformName=Android, deviceApiLevel=27, deviceManufacturer=vivo}]
Session ID: 3333bc22-85aa-4915-852f-56851b98eec6" type="org.openqa.selenium.WebDriverException">
      <![CDATA[org.openqa.selenium.WebDriverException: An unknown server-side error occurred while processing the command. Original error: Error executing adbExec. Original error: 'Command 'C:\\Users\\HP\\AppData\\Local\\Android\\Sdk\\platform-tools\\adb.exe -P 5037 -s 220b6806 shell am broadcast -a android.intent.action.AIRPLANE_MODE --ez state true' exited with code 255'; Command output: Security exception: Permission Denial: not allowed to send broadcast android.intent.action.AIRPLANE_MODE from pid=31452, uid=2000

java.lang.SecurityException: Permission Denial: not allowed to send broadcast android.intent.action.AIRPLANE_MODE from pid=31452, uid=2000
at com.android.server.am.ActivityManagerService.broadcastIntentLocked(ActivityManagerService.java:22157)
at com.android.server.am.ActivityManagerService.broadcastIntent(ActivityManagerService.java:22883)
at com.android.server.am.ActivityManagerShellCommand.runSendBroadcast(ActivityManagerShellCommand.java:639)
at com.android.server.am.ActivityManagerShellCommand.onCommand(ActivityManagerShellCommand.java:157)
at android.os.ShellCommand.exec(ShellCommand.java:96)
at com.android.server.am.ActivityManagerService.onShellCommand(ActivityManagerService.java:17645)
at android.os.Binder.shellCommand(Binder.java:595)
at android.os.Binder.onTransact(Binder.java:493)
at android.app.IActivityManager$Stub.onTransact(IActivityManager.java:4439)
at com.android.server.am.ActivityManagerService.onTransact(ActivityManagerService.java:3482)
at android.os.Binder.execTransact(Binder.java:708)
 (WARNING: The server did not provide any stacktrace information)
Command duration or timeout: 502 milliseconds
Build info: version: '2.53.1', revision: 'a36b8b1cd5757287168e54b817830adce9b0158d', time: '2016-06-30 19:26:09'
System info: host: 'Keshavaraj', ip: '192.168.111.1', os.name: 'Windows 10', os.arch: 'amd64', os.version: '10.0', java.version: '16.0.1'
Driver info: io.appium.java_client.android.AndroidDriver
Capabilities [{deviceScreenSize=720x1440, networkConnectionEnabled=true, statBarHeight=48, warnings={}, viewportRect={top=48, left=0, width=720, height=1308}, databaseEnabled=false, deviceName=220b6806, platform=LINUX, deviceUDID=220b6806, desired={platformVersion=8.1.0, automationName=appium, udid=220b6806, platformName=Android, deviceName=vivo 1724}, platformVersion=8.1.0, pixelRatio=2, webStorageEnabled=false, locationContextEnabled=false, automationName=appium, takesScreenshot=true, javascriptEnabled=true, deviceScreenDensity=320, deviceModel=vivo 1724, udid=220b6806, platformName=Android, deviceApiLevel=27, deviceManufacturer=vivo}]
Session ID: 3333bc22-85aa-4915-852f-56851b98eec6
at java.base/jdk.internal.reflect.NativeConstructorAccessorImpl.newInstance0(Native Method)
at java.base/jdk.internal.reflect.NativeConstructorAccessorImpl.newInstance(NativeConstructorAccessorImpl.java:78)
at java.base/jdk.internal.reflect.DelegatingConstructorAccessorImpl.newInstance(DelegatingConstructorAccessorImpl.java:45)
at java.base/java.lang.reflect.Constructor.newInstanceWithCaller(Constructor.java:499)
at java.base/java.lang.reflect.Constructor.newInstance(Constructor.java:480)
at org.openqa.selenium.remote.ErrorHandler.createThrowable(ErrorHandler.java:206)
at org.openqa.selenium.remote.ErrorHandler.throwIfResponseFailed(ErrorHandler.java:158)
at org.openqa.selenium.remote.RemoteWebDriver.execute(RemoteWebDriver.java:678)
at io.appium.java_client.DefaultGenericMobileDriver.execute(DefaultGenericMobileDriver.java:40)
at io.appium.java_client.AppiumDriver.execute(AppiumDriver.java:1)
at io.appium.java_client.android.AndroidDriver.execute(AndroidDriver.java:1)
at io.appium.java_client.CommandExecutionHelper.execute(CommandExecutionHelper.java:32)
at io.appium.java_client.android.AndroidDriver.setConnection(AndroidDriver.java:230)
at drivermethods.Connections.connection(Connections.java:33)
at java.base/jdk.internal.reflect.NativeMethodAccessorImpl.invoke0(Native Method)
at java.base/jdk.internal.reflect.NativeMethodAccessorImpl.invoke(NativeMethodAccessorImpl.java:78)
at java.base/jdk.internal.reflect.DelegatingMethodAccessorImpl.invoke(DelegatingMethodAccessorImpl.java:43)
at java.base/java.lang.reflect.Method.invoke(Method.java:567)
at org.testng.internal.MethodInvocationHelper.invokeMethod(MethodInvocationHelper.java:133)
at org.testng.internal.TestInvoker.invokeMethod(TestInvoker.java:598)
at org.testng.internal.TestInvoker.invokeTestMethod(TestInvoker.java:173)
at org.testng.internal.MethodRunner.runInSequence(MethodRunner.java:46)
at org.testng.internal.TestInvoker$MethodInvocationAgent.invoke(TestInvoker.java:824)
at org.testng.internal.TestInvoker.invokeTestMethods(TestInvoker.java:146)
at org.testng.internal.TestMethodWorker.invokeTestMethods(TestMethodWorker.java:146)
at org.testng.internal.TestMethodWorker.run(TestMethodWorker.java:128)
at java.base/java.util.ArrayList.forEach(ArrayList.java:1511)
at org.testng.TestRunner.privateRun(TestRunner.java:794)
at org.testng.TestRunner.run(TestRunner.java:596)
at org.testng.SuiteRunner.runTest(SuiteRunner.java:377)
at org.testng.SuiteRunner.runSequentially(SuiteRunner.java:371)
at org.testng.SuiteRunner.privateRun(SuiteRunner.java:332)
at org.testng.SuiteRunner.run(SuiteRunner.java:276)
at org.testng.SuiteRunnerWorker.runSuite(SuiteRunnerWorker.java:53)
at org.testng.SuiteRunnerWorker.run(SuiteRunnerWorker.java:96)
at org.testng.TestNG.runSuitesSequentially(TestNG.java:1212)
at org.testng.TestNG.runSuitesLocally(TestNG.java:1134)
at org.testng.TestNG.runSuites(TestNG.java:1063)
at org.testng.TestNG.run(TestNG.java:1031)
at org.testng.remote.AbstractRemoteTestNG.run(AbstractRemoteTestNG.java:115)
at org.testng.remote.RemoteTestNG.initAndRun(RemoteTestNG.java:251)
at org.testng.remote.RemoteTestNG.main(RemoteTestNG.java:77)
]]>
    </error>
  </testcase> <!-- connection -->
  <system-out/>
</testsuite> <!-- drivermethods.Connections -->
