<?xml version="1.0" encoding="UTF-8"?>
<!-- Generated by org.testng.reporters.JUnitReportReporter -->
<testsuite hostname="Keshavaraj" failures="0" tests="1" name="taskbased.SwitchToNativeAppToWebApp" time="62.590" errors="0" timestamp="2023-01-25T15:32:21 IST" skipped="0">
  <testcase classname="taskbased.SwitchToNativeAppToWebApp" name="webapp" time="62.590"/>
  <system-out/>
</testsuite> <!-- taskbased.SwitchToNativeAppToWebApp -->
