<?xml version="1.0" encoding="UTF-8"?>
<!-- Generated by org.testng.reporters.JUnitReportReporter -->
<testsuite hostname="Keshavaraj" failures="0" tests="1" name="drivermethods.AndroidKeyEvents" time="37.209" errors="0" timestamp="2022-11-23T22:08:54 IST" skipped="0">
  <testcase classname="drivermethods.AndroidKeyEvents" name="androidkeyevents" time="37.209"/>
  <system-out/>
</testsuite> <!-- drivermethods.AndroidKeyEvents -->
