<?xml version="1.0" encoding="UTF-8"?>
<!-- Generated by org.testng.reporters.JUnitReportReporter -->
<testsuite hostname="Keshavaraj" failures="0" tests="1" name="taskbased.VerifyTheForntSize" time="51.164" errors="0" timestamp="2023-01-25T12:37:45 IST" skipped="0">
  <testcase classname="taskbased.VerifyTheForntSize" name="flikarttests" time="51.164"/>
  <system-out/>
</testsuite> <!-- taskbased.VerifyTheForntSize -->
