<?xml version="1.0" encoding="UTF-8"?>
<!-- Generated by org.testng.reporters.JUnitReportReporter -->
<testsuite hostname="Keshavaraj" failures="0" tests="1" name="taskbased.GetProductListFromeAmazon" time="57.863" errors="0" timestamp="2023-01-23T23:17:19 IST" skipped="0">
  <testcase classname="taskbased.GetProductListFromeAmazon" name="getproduct" time="57.863"/>
  <system-out/>
</testsuite> <!-- taskbased.GetProductListFromeAmazon -->
