<?xml version="1.0" encoding="UTF-8"?>
<!-- Generated by org.testng.reporters.JUnitReportReporter -->
<testsuite hostname="Keshavaraj" failures="0" tests="1" name="taskbased.SwitchToNativeToWebApp" time="34.514" errors="0" timestamp="2023-01-14T01:11:57 IST" skipped="0">
  <testcase classname="taskbased.SwitchToNativeToWebApp" name="webapp" time="34.514"/>
  <system-out/>
</testsuite> <!-- taskbased.SwitchToNativeToWebApp -->
