<?xml version="1.0" encoding="UTF-8"?>
<!-- Generated by org.testng.reporters.JUnitReportReporter -->
<testsuite hostname="Keshavaraj" failures="0" tests="1" name="drivermethods.InstallApp" time="21.837" errors="0" timestamp="2022-11-22T15:22:24 IST" skipped="0">
  <testcase classname="drivermethods.InstallApp" name="installapp" time="21.837"/>
  <system-out/>
</testsuite> <!-- drivermethods.InstallApp -->
