<?xml version="1.0" encoding="UTF-8"?>
<!-- Generated by org.testng.reporters.JUnitReportReporter -->
<testsuite hostname="Keshavaraj" failures="0" tests="1" name="taskbased.FetchTheMobileType" time="15.211" errors="0" timestamp="2023-01-16T12:12:11 IST" skipped="0">
  <testcase classname="taskbased.FetchTheMobileType" name="webapp" time="15.211"/>
  <system-out/>
</testsuite> <!-- taskbased.FetchTheMobileType -->
