<?xml version="1.0" encoding="UTF-8"?>
<!-- Generated by org.testng.reporters.JUnitReportReporter -->
<testsuite hostname="Keshavaraj" failures="0" tests="1" name="drivermethods.Orientation" time="14.486" errors="0" timestamp="2023-01-10T12:00:42 IST" skipped="0">
  <testcase classname="drivermethods.Orientation" name="orientation" time="14.486"/>
  <system-out/>
</testsuite> <!-- drivermethods.Orientation -->
