<?xml version="1.0" encoding="UTF-8"?>
<!-- Generated by org.testng.reporters.JUnitReportReporter -->
<testsuite hostname="Keshavaraj" failures="0" tests="1" name="drivermethods.OpenNotification" time="28.274" errors="0" timestamp="2022-11-23T22:41:26 IST" skipped="0">
  <testcase classname="drivermethods.OpenNotification" name="openNotification" time="28.274"/>
  <system-out/>
</testsuite> <!-- drivermethods.OpenNotification -->
