<?xml version="1.0" encoding="UTF-8"?>
<!-- Generated by org.testng.reporters.JUnitReportReporter -->
<testsuite hostname="Keshavaraj" failures="0" tests="1" name="drivermethods.SwipeAction" time="18.493" errors="0" timestamp="2022-11-22T21:54:27 IST" skipped="0">
  <testcase classname="drivermethods.SwipeAction" name="swipeaction" time="18.493"/>
  <system-out/>
</testsuite> <!-- drivermethods.SwipeAction -->
