<?xml version="1.0" encoding="UTF-8"?>
<!-- Generated by org.testng.reporters.JUnitReportReporter -->
<testsuite hostname="Keshavaraj" failures="0" tests="1" name="drivermethods.BrowserStackSampleForIOS" time="38.752" errors="0" timestamp="2022-11-25T14:27:35 IST" skipped="0">
  <testcase classname="drivermethods.BrowserStackSampleForIOS" name="browserstackios" time="38.752"/>
  <system-out/>
</testsuite> <!-- drivermethods.BrowserStackSampleForIOS -->
