<?xml version="1.0" encoding="UTF-8"?>
<!-- Generated by org.testng.reporters.JUnitReportReporter -->
<testsuite hostname="Keshavaraj" failures="0" tests="1" name="drivermethods.SwitchApp" time="16.941" errors="0" timestamp="2022-11-23T13:16:33 IST" skipped="0">
  <testcase classname="drivermethods.SwitchApp" name="launch" time="16.941"/>
  <system-out/>
</testsuite> <!-- drivermethods.SwitchApp -->
