<?xml version="1.0" encoding="UTF-8"?>
<!-- Generated by org.testng.reporters.JUnitReportReporter -->
<testsuite hostname="Keshavaraj" failures="0" tests="2" name="drivermethods.ParallelExecution" time="30.607" errors="0" timestamp="2022-11-24T13:33:48 IST" skipped="0">
  <testcase classname="drivermethods.ParallelExecution" name="parallelexecution" time="16.718"/>
  <system-out/>
  <testcase classname="drivermethods.ParallelExecution" name="parallelexecution" time="13.889"/>
  <system-out/>
</testsuite> <!-- drivermethods.ParallelExecution -->
