<?xml version="1.0" encoding="UTF-8"?>
<!-- Generated by org.testng.reporters.JUnitReportReporter -->
<testsuite hostname="Keshavaraj" failures="0" tests="1" name="drivermethods.WebApp" time="26.783" errors="0" timestamp="2022-11-24T12:18:29 IST" skipped="0">
  <testcase classname="drivermethods.WebApp" name="inspect" time="26.783"/>
  <system-out/>
</testsuite> <!-- drivermethods.WebApp -->
