<?xml version="1.0" encoding="UTF-8"?>
<!-- Generated by org.testng.reporters.JUnitReportReporter -->
<testsuite hostname="Keshavaraj" failures="0" tests="1" name="generalstore.GeneralStorelaunch" time="22.201" errors="0" timestamp="2023-01-24T10:35:51 IST" skipped="0">
  <testcase classname="generalstore.GeneralStorelaunch" name="launch" time="22.201"/>
  <system-out/>
</testsuite> <!-- generalstore.GeneralStorelaunch -->
