<?xml version="1.0" encoding="UTF-8"?>
<!-- Generated by org.testng.reporters.JUnitReportReporter -->
<testsuite hostname="Keshavaraj" failures="0" tests="1" name="taskbased.GetAmazonsuggessionProduct" time="58.527" errors="0" timestamp="2023-01-25T11:36:22 IST" skipped="0">
  <testcase classname="taskbased.GetAmazonsuggessionProduct" name="getproduct" time="58.527"/>
  <system-out/>
</testsuite> <!-- taskbased.GetAmazonsuggessionProduct -->
