<?xml version="1.0" encoding="UTF-8"?>
<!-- Generated by org.testng.reporters.JUnitReportReporter -->
<testsuite hostname="Keshavaraj" failures="0" tests="1" name="drivermethods.DragAndDrop" time="31.088" errors="0" timestamp="2022-11-23T11:04:16 IST" skipped="0">
  <testcase classname="drivermethods.DragAndDrop" name="name" time="31.088"/>
  <system-out/>
</testsuite> <!-- drivermethods.DragAndDrop -->
