<?xml version="1.0" encoding="UTF-8"?>
<!-- Generated by org.testng.reporters.JUnitReportReporter -->
<testsuite hostname="Keshavaraj" failures="0" tests="1" name="taskbased.SwitchToNativeAppToWebApp" time="61.242" errors="0" timestamp="2023-01-14T02:46:45 IST" skipped="0">
  <testcase classname="taskbased.SwitchToNativeAppToWebApp" name="webapp" time="61.242"/>
  <system-out/>
</testsuite> <!-- taskbased.SwitchToNativeAppToWebApp -->
