<?xml version="1.0" encoding="UTF-8"?>
<!-- Generated by org.testng.reporters.JUnitReportReporter -->
<testsuite hostname="Keshavaraj" failures="0" tests="1" name="drivermethods.Scroll" time="52.233" errors="0" timestamp="2023-01-10T12:16:28 IST" skipped="0">
  <testcase classname="drivermethods.Scroll" name="scroll" time="52.233"/>
  <system-out/>
</testsuite> <!-- drivermethods.Scroll -->
