<?xml version="1.0" encoding="UTF-8"?>
<!-- Generated by org.testng.reporters.JUnitReportReporter -->
<testsuite hostname="Keshavaraj" failures="0" tests="1" name="drivermethods.BrowserStackSample" time="20.844" errors="0" timestamp="2022-11-25T11:37:06 IST" skipped="0">
  <testcase classname="drivermethods.BrowserStackSample" name="browserstack" time="20.844"/>
  <system-out/>
</testsuite> <!-- drivermethods.BrowserStackSample -->
